# JRE version: OpenJDK Runtime Environment (11.0.2+9) (build 11.0.2+9)
# Java VM: OpenJDK 64-Bit Server VM (11.0.2+9, mixed mode, tiered, compressed oops, g1 gc, linux-amd64)
Heap:
 garbage-first heap   total 303104K, used 102354K [0x000000070a400000, 0x0000000800000000)
  region size 1024K, 96 young (98304K), 10 survivors (10240K)
 Metaspace       used 45283K, capacity 46532K, committed 46896K, reserved 1089536K
  class space    used 5505K, capacity 5993K, committed 6016K, reserved 1048576K
GC Heap History (10 events):
Event: 0.444 GC heap before
{Heap before GC invocations=0 (full 0):
 garbage-first heap   total 251904K, used 14336K [0x000000070a400000, 0x0000000800000000)
  region size 1024K, 14 young (14336K), 0 survivors (0K)
 Metaspace       used 12979K, capacity 13337K, committed 13568K, reserved 1060864K
  class space    used 1348K, capacity 1464K, committed 1536K, reserved 1048576K
}
Event: 0.449 GC heap after
{Heap after GC invocations=1 (full 0):
 garbage-first heap   total 251904K, used 4512K [0x000000070a400000, 0x0000000800000000)
  region size 1024K, 2 young (2048K), 2 survivors (2048K)
 Metaspace       used 12979K, capacity 13337K, committed 13568K, reserved 1060864K
  class space    used 1348K, capacity 1464K, committed 1536K, reserved 1048576K
}
Event: 0.645 GC heap before
{Heap before GC invocations=1 (full 0):
 garbage-first heap   total 251904K, used 30112K [0x000000070a400000, 0x0000000800000000)
  region size 1024K, 27 young (27648K), 2 survivors (2048K)
 Metaspace       used 18056K, capacity 18590K, committed 18944K, reserved 1067008K
  class space    used 2050K, capacity 2222K, committed 2304K, reserved 1048576K
}
Event: 0.648 GC heap after
{Heap after GC invocations=2 (full 0):
 garbage-first heap   total 251904K, used 5906K [0x000000070a400000, 0x0000000800000000)
  region size 1024K, 4 young (4096K), 4 survivors (4096K)
 Metaspace       used 18056K, capacity 18590K, committed 18944K, reserved 1067008K
  class space    used 2050K, capacity 2222K, committed 2304K, reserved 1048576K
}
Event: 0.739 GC heap before
{Heap before GC invocations=2 (full 0):
 garbage-first heap   total 251904K, used 23314K [0x000000070a400000, 0x0000000800000000)
  region size 1024K, 22 young (22528K), 4 survivors (4096K)
 Metaspace       used 20620K, capacity 21126K, committed 21296K, reserved 1069056K
  class space    used 2450K, capacity 2641K, committed 2688K, reserved 1048576K
}
Event: 0.744 GC heap after
{Heap after GC invocations=3 (full 0):
 garbage-first heap   total 251904K, used 6699K [0x000000070a400000, 0x0000000800000000)
  region size 1024K, 3 young (3072K), 3 survivors (3072K)
 Metaspace       used 20620K, capacity 21126K, committed 21296K, reserved 1069056K
  class space    used 2450K, capacity 2641K, committed 2688K, reserved 1048576K
}
Event: 1.015 GC heap before
{Heap before GC invocations=4 (full 0):
 garbage-first heap   total 251904K, used 39467K [0x000000070a400000, 0x0000000800000000)
  region size 1024K, 36 young (36864K), 3 survivors (3072K)
 Metaspace       used 26382K, capacity 27071K, committed 27184K, reserved 1073152K
  class space    used 3181K, capacity 3441K, committed 3456K, reserved 1048576K
}
Event: 1.022 GC heap after
{Heap after GC invocations=5 (full 0):
 garbage-first heap   total 251904K, used 8479K [0x000000070a400000, 0x0000000800000000)
  region size 1024K, 4 young (4096K), 4 survivors (4096K)
 Metaspace       used 26382K, capacity 27071K, committed 27184K, reserved 1073152K
  class space    used 3181K, capacity 3441K, committed 3456K, reserved 1048576K
}
Event: 1.773 GC heap before
{Heap before GC invocations=5 (full 0):
 garbage-first heap   total 251904K, used 96543K [0x000000070a400000, 0x0000000800000000)
  region size 1024K, 91 young (93184K), 4 survivors (4096K)
 Metaspace       used 34763K, capacity 35769K, committed 35888K, reserved 1081344K
  class space    used 4295K, capacity 4699K, committed 4736K, reserved 1048576K
}
Event: 1.784 GC heap after
{Heap after GC invocations=6 (full 0):
 garbage-first heap   total 303104K, used 14290K [0x000000070a400000, 0x0000000800000000)
  region size 1024K, 10 young (10240K), 10 survivors (10240K)
 Metaspace       used 34763K, capacity 35769K, committed 35888K, reserved 1081344K
  class space    used 4295K, capacity 4699K, committed 4736K, reserved 1048576K
}

